Thu Oct 04 17:27:00 PDT 2018 GET Request: /
Thu Oct 04 17:27:28 PDT 2018 GET Request: /index.html
Thu Oct 04 17:29:10 PDT 2018 GET Request: /hello-dr-perkins.html
Thu Oct 04 17:32:15 PDT 2018 GET Request: /
Thu Oct 04 17:35:35 PDT 2018 GET Request: /
Thu Oct 04 17:35:35 PDT 2018 GET Request: /favicon.ico
Thu Oct 04 17:36:43 PDT 2018 GET Request: /
Thu Oct 04 17:39:07 PDT 2018 GET Request: /
Thu Oct 04 17:39:58 PDT 2018 GET Request: /
Thu Oct 04 17:40:26 PDT 2018 GET Request: /
Thu Oct 04 17:44:46 PDT 2018 GET Request: /
Thu Oct 04 17:45:41 PDT 2018 GET Request: /
Thu Oct 04 17:47:53 PDT 2018 GET Request: /
Thu Oct 04 17:49:41 PDT 2018 GET Request: /
Thu Oct 04 17:50:04 PDT 2018 GET Request: /index.html
Thu Oct 04 17:52:19 PDT 2018 HTTP/1.0 501 Not Implemented
Thu Oct 04 17:54:57 PDT 2018 GET Request: /
Thu Oct 04 17:56:13 PDT 2018 PUT Request: /index.html
Thu Oct 04 17:56:33 PDT 2018 GET Request: /
Thu Oct 04 17:57:07 PDT 2018 GET Request: /
Thu Oct 04 17:58:17 PDT 2018 PUT Request: /index.html
Thu Oct 04 18:00:15 PDT 2018 PUT Request: /index2.html
Thu Oct 04 18:00:31 PDT 2018 PUT Request: /index2.html
Thu Oct 04 18:01:24 PDT 2018 GET Request: /index.html
Thu Oct 04 18:01:42 PDT 2018 PUT Request: /index.html
Thu Oct 04 18:08:23 PDT 2018 PUT Request: /index.html
Thu Oct 04 18:08:37 PDT 2018 PUT Request: /index1.html
Thu Oct 04 18:09:20 PDT 2018 PUT Request: /index1.html
Thu Oct 04 18:09:24 PDT 2018 PUT Request: /index1.html
Thu Oct 04 18:10:05 PDT 2018 PUT Request: /index1.html
Thu Oct 04 18:10:23 PDT 2018 PUT Request: /index1.html
Thu Oct 04 18:11:43 PDT 2018 PUT Request: /index.html
Thu Oct 04 18:12:36 PDT 2018 PUT Request: /index.html
Thu Oct 04 18:13:23 PDT 2018 GET Request: /index.html
Thu Oct 04 18:13:37 PDT 2018 PUT Request: /
Thu Oct 04 18:14:45 PDT 2018 PUT Request: /
Thu Oct 04 18:15:40 PDT 2018 PUT Request: /index.html
Thu Oct 04 18:19:31 PDT 2018 PUT Request: /index.html
Thu Oct 04 18:21:06 PDT 2018 PUT Request: /index.html
Thu Oct 04 18:21:59 PDT 2018 PUT Request: /index.html
Thu Oct 04 18:23:03 PDT 2018 PUT Request: /index.html
Thu Oct 04 18:23:35 PDT 2018 PUT Request: /index.html
Thu Oct 04 18:25:35 PDT 2018 PUT Request: /index.html
Thu Oct 04 18:26:08 PDT 2018 PUT Request: /index.html
Thu Oct 04 18:26:22 PDT 2018 PUT Request: /index.html
Thu Oct 04 18:27:52 PDT 2018 PUT Request: /index.html
Thu Oct 04 18:30:22 PDT 2018 PUT Request: /index1.html
Thu Oct 04 18:31:15 PDT 2018 PUT Request: /index1.html
Thu Oct 04 18:34:23 PDT 2018 PUT Request: /index.html
Thu Oct 04 18:39:11 PDT 2018 PUT Request: /hack.html
Thu Oct 04 18:42:02 PDT 2018 PUT Request: /hack.html
Thu Oct 04 18:42:37 PDT 2018 PUT Request: /index.html
Thu Oct 04 18:44:24 PDT 2018 PUT Request: /hack.html
Thu Oct 04 18:45:43 PDT 2018 PUT Request: /hack.html
Thu Oct 04 18:46:28 PDT 2018 PUT Request: /hack.html
Thu Oct 04 18:47:26 PDT 2018 PUT Request: /hack.html
Thu Oct 04 18:48:44 PDT 2018 PUT Request: /index.html
Thu Oct 04 18:50:11 PDT 2018 GET Request: /
Thu Oct 04 18:50:11 PDT 2018 GET Request: /
Fri Oct 05 13:26:29 PDT 2018 PUT Request: /index.html
Fri Oct 05 13:28:05 PDT 2018 PUT Request: /index.html
Fri Oct 05 13:28:30 PDT 2018 PUT Request: /index.html
Fri Oct 05 13:28:43 PDT 2018 PUT Request: /hack.txt
Fri Oct 05 13:29:15 PDT 2018 GET Request: /
Fri Oct 05 13:29:50 PDT 2018 PUT Request: /hack.html
Fri Oct 05 13:30:45 PDT 2018 PUT Request: /hack.html
Fri Oct 05 13:31:38 PDT 2018 PUT Request: /hack.html
Fri Oct 05 13:32:47 PDT 2018 PUT Request: /hack.html
Fri Oct 05 13:33:07 PDT 2018 PUT Request: /hack.html
Fri Oct 05 13:35:06 PDT 2018 PUT Request: /hack.html
Fri Oct 05 13:35:40 PDT 2018 PUT Request: /hack.html
Fri Oct 05 13:37:24 PDT 2018 PUT Request: /hack.html
Fri Oct 05 13:53:38 PDT 2018 GET Request: /serverLog.log
Fri Oct 05 13:54:30 PDT 2018 GET Request: /
Fri Oct 05 13:54:31 PDT 2018 GET Request: /favicon.ico
Fri Oct 05 13:54:40 PDT 2018 GET Request: /
Fri Oct 05 13:55:08 PDT 2018 GET Request: /
Fri Oct 05 13:57:52 PDT 2018 GET Request: /
Fri Oct 05 13:59:59 PDT 2018 GET Request: /
Fri Oct 05 14:01:29 PDT 2018 GET Request: /
